c:\users\bangjin\documents\visual studio 2017\projects\opengl2\opengl2\debug\opengl2.pch
c:\users\bangjin\documents\visual studio 2017\projects\opengl2\opengl2\debug\vc141.pdb
c:\users\bangjin\documents\visual studio 2017\projects\opengl2\opengl2\debug\vc141.idb
c:\users\bangjin\documents\visual studio 2017\projects\opengl2\opengl2\debug\stdafx.obj
c:\users\bangjin\documents\visual studio 2017\projects\opengl2\opengl2\debug\appdebugger.obj
c:\users\bangjin\documents\visual studio 2017\projects\opengl2\opengl2\debug\learnopgl.obj
c:\users\bangjin\documents\visual studio 2017\projects\opengl2\opengl2\debug\light.obj
c:\users\bangjin\documents\visual studio 2017\projects\opengl2\opengl2\debug\rectanglerender.obj
c:\users\bangjin\documents\visual studio 2017\projects\opengl2\opengl2\debug\render.obj
c:\users\bangjin\documents\visual studio 2017\projects\opengl2\opengl2\debug\rendermanager.obj
c:\users\bangjin\documents\visual studio 2017\projects\opengl2\opengl2\debug\stb_image.obj
c:\users\bangjin\documents\visual studio 2017\projects\opengl2\opengl2\debug\triangle.obj
c:\users\bangjin\documents\visual studio 2017\projects\opengl2\opengl2\debug\glad.obj
c:\users\bangjin\documents\visual studio 2017\projects\opengl2\debug\opengl2.exe
c:\users\bangjin\documents\visual studio 2017\projects\opengl2\debug\opengl2.ilk
c:\users\bangjin\documents\visual studio 2017\projects\opengl2\debug\opengl2.pdb
c:\users\bangjin\documents\visual studio 2017\projects\opengl2\opengl2\debug\opengl2.res
c:\users\bangjin\documents\visual studio 2017\projects\opengl2\opengl2\debug\opengl2.tlog\cl.command.1.tlog
c:\users\bangjin\documents\visual studio 2017\projects\opengl2\opengl2\debug\opengl2.tlog\cl.read.1.tlog
c:\users\bangjin\documents\visual studio 2017\projects\opengl2\opengl2\debug\opengl2.tlog\cl.write.1.tlog
c:\users\bangjin\documents\visual studio 2017\projects\opengl2\opengl2\debug\opengl2.tlog\link.command.1.tlog
c:\users\bangjin\documents\visual studio 2017\projects\opengl2\opengl2\debug\opengl2.tlog\link.read.1.tlog
c:\users\bangjin\documents\visual studio 2017\projects\opengl2\opengl2\debug\opengl2.tlog\link.write.1.tlog
c:\users\bangjin\documents\visual studio 2017\projects\opengl2\opengl2\debug\opengl2.tlog\rc.command.1.tlog
c:\users\bangjin\documents\visual studio 2017\projects\opengl2\opengl2\debug\opengl2.tlog\rc.read.1.tlog
c:\users\bangjin\documents\visual studio 2017\projects\opengl2\opengl2\debug\opengl2.tlog\rc.write.1.tlog
